#
# There is insufficient memory for the Java Runtime Environment to continue.
# Native memory allocation (malloc) failed to allocate 462096 bytes for Chunk::new
# Possible reasons:
#   The system is out of physical RAM or swap space
#   The process is running with CompressedOops enabled, and the Java Heap may be blocking the growth of the native heap
# Possible solutions:
#   Reduce memory load on the system
#   Increase physical memory or swap space
#   Check if swap backing store is full
#   Decrease Java heap size (-Xmx/-Xms)
#   Decrease number of Java threads
#   Decrease Java thread stack sizes (-Xss)
#   Set larger code cache with -XX:ReservedCodeCacheSize=
#   JVM is running with Unscaled Compressed Oops mode in which the Java heap is
#     placed in the first 4GB address space. The Java Heap base address is the
#     maximum limit for the native heap growth. Please use -XX:HeapBaseMinAddress
#     to set the Java Heap base and to place the Java Heap above 4GB virtual address.
# This output file may be truncated or incomplete.
#
#  Out of Memory Error (allocation.cpp:389), pid=10072, tid=0x0000000000001d54
#
# JRE version: Java(TM) SE Runtime Environment (8.0_241-b07) (build 1.8.0_241-b07)
# Java VM: Java HotSpot(TM) 64-Bit Server VM (25.241-b07 mixed mode windows-amd64 compressed oops)
# Failed to write core dump. Minidumps are not enabled by default on client versions of Windows
#

---------------  T H R E A D  ---------------

Current thread (0x000000001449c000):  JavaThread "C2 CompilerThread0" daemon [_thread_in_native, id=7508, stack(0x00000000156f0000,0x00000000157f0000)]

Stack: [0x00000000156f0000,0x00000000157f0000]
[error occurred during error reporting (printing stack bounds), id 0xc0000005]

Native frames: (J=compiled Java code, j=interpreted, Vv=VM code, C=native code)


Current CompileTask:
C2:3540427 27871       4       com.android.tools.r8.ir.conversion.o::a (1157 bytes)


---------------  P R O C E S S  ---------------

Java Threads: ( => current thread )
  0x000000002444a800 JavaThread "RMI TCP Accept-0" daemon [_thread_in_native, id=8700, stack(0x000000001f630000,0x000000001f730000)]
  0x000000002444b000 JavaThread "RMI TCP Accept-0" daemon [_thread_in_native, id=9744, stack(0x000000001f310000,0x000000001f410000)]
  0x0000000024445000 JavaThread "RMI TCP Connection(6)-127.0.0.1" daemon [_thread_in_native, id=9292, stack(0x000000001dd40000,0x000000001de40000)]
  0x0000000024447800 JavaThread "RMI Reaper" [_thread_blocked, id=7388, stack(0x000000001dc40000,0x000000001dd40000)]
  0x0000000024440000 JavaThread "RMI TCP Accept-0" daemon [_thread_in_native, id=6660, stack(0x000000001db40000,0x000000001dc40000)]
  0x0000000024443800 JavaThread "GC Daemon" daemon [_thread_blocked, id=14628, stack(0x000000001da40000,0x000000001db40000)]
  0x0000000024446800 JavaThread "RMI Scheduler(0)" daemon [_thread_blocked, id=18376, stack(0x000000001c120000,0x000000001c220000)]
  0x000000002c5ea000 JavaThread "Cache worker for Java compile cache (C:\Users\PC NOOB\Documents\android\Laundream-RN\android\.gradle\6.9\javaCompile)" [_thread_blocked, id=10512, stack(0x000000002e600000,0x000000002e700000)]
  0x000000002c5ed000 JavaThread "Cache worker for Java compile cache (C:\Users\PC NOOB\.gradle\caches\6.9\javaCompile)" [_thread_blocked, id=6676, stack(0x000000002e500000,0x000000002e600000)]
  0x000000001921e800 JavaThread "WorkerExecutor Queue Thread 5" [_thread_blocked, id=17232, stack(0x000000002e300000,0x000000002e400000)]
  0x0000000029f27000 JavaThread "WorkerExecutor Queue Thread 4" [_thread_blocked, id=2892, stack(0x000000002d6b0000,0x000000002d7b0000)]
  0x0000000029f2a000 JavaThread "Cache worker for execution history cache (C:\Users\PC NOOB\Documents\android\Laundream-RN\android\.gradle\6.9\executionHistory)" [_thread_blocked, id=4500, stack(0x000000002d0b0000,0x000000002d1b0000)]
  0x0000000029f1f800 JavaThread "Execution worker for ':'" [_thread_in_vm, id=7140, stack(0x000000002cfb0000,0x000000002d0b0000)]
  0x0000000029f26800 JavaThread "build event listener" [_thread_blocked, id=5752, stack(0x000000002ceb0000,0x000000002cfb0000)]
  0x0000000029f1f000 JavaThread "pool-6-thread-1" [_thread_blocked, id=3320, stack(0x000000002cdb0000,0x000000002ceb0000)]
  0x0000000019225000 JavaThread "Build operations Thread 2" [_thread_blocked, id=8492, stack(0x000000001d120000,0x000000001d220000)]
  0x0000000019224800 JavaThread "Build operations" [_thread_blocked, id=6684, stack(0x000000001d020000,0x000000001d120000)]
  0x000000001922a800 JavaThread "Cache worker for Build Output Cleanup Cache (C:\Users\PC NOOB\Documents\android\Laundream-RN\android\.gradle\buildOutputCleanup)" [_thread_blocked, id=16636, stack(0x000000001cd20000,0x000000001ce20000)]
  0x0000000019229800 JavaThread "Cache worker for cache directory md-rule (C:\Users\PC NOOB\.gradle\caches\6.9\md-rule)" [_thread_blocked, id=11672, stack(0x000000001b920000,0x000000001ba20000)]
  0x000000001922b000 JavaThread "Cache worker for cache directory md-supplier (C:\Users\PC NOOB\.gradle\caches\6.9\md-supplier)" [_thread_blocked, id=18900, stack(0x000000001b820000,0x000000001b920000)]
  0x000000001921d000 JavaThread "Cache worker for checksums cache (C:\Users\PC NOOB\Documents\android\Laundream-RN\android\.gradle\checksums)" [_thread_blocked, id=7744, stack(0x000000001b520000,0x000000001b620000)]
  0x0000000019223800 JavaThread "Cache worker for file hash cache (C:\Users\PC NOOB\Documents\android\Laundream-RN\android\.gradle\6.9\fileHashes)" [_thread_blocked, id=12976, stack(0x000000001b420000,0x000000001b520000)]
  0x000000001921c000 JavaThread "Daemon client event forwarder" [_thread_blocked, id=17808, stack(0x0000000018a80000,0x0000000018b80000)]
  0x0000000019223000 JavaThread "Stdin handler" [_thread_blocked, id=3164, stack(0x0000000018780000,0x0000000018880000)]
  0x0000000019222000 JavaThread "Asynchronous log dispatcher for DefaultDaemonConnection: socket connection from /127.0.0.1:59076 to /127.0.0.1:50122" [_thread_blocked, id=18152, stack(0x0000000018680000,0x0000000018780000)]
  0x0000000019221800 JavaThread "Daemon worker Thread 2" [_thread_in_vm, id=19008, stack(0x0000000018580000,0x0000000018680000)]
  0x0000000019220800 JavaThread "Cancel handler" [_thread_blocked, id=19216, stack(0x0000000018480000,0x0000000018580000)]
  0x000000001921f000 JavaThread "Handler for socket connection from /127.0.0.1:59076 to /127.0.0.1:50122" [_thread_in_native, id=16804, stack(0x0000000001760000,0x0000000001860000)]
  0x000000001921d800 JavaThread "Daemon Thread 2" [_thread_blocked, id=16080, stack(0x0000000000cd0000,0x0000000000dd0000)]
  0x000000002410e000 JavaThread "Device List Monitor" [_thread_in_native, id=17800, stack(0x000000002b790000,0x000000002b890000)]
  0x0000000024106800 JavaThread "JdwpProxyConnection" [_thread_in_native, id=10796, stack(0x000000002b690000,0x000000002b790000)]
  0x000000002410d000 JavaThread "Monitor" [_thread_in_native, id=8160, stack(0x000000002b590000,0x000000002b690000)]
  0x0000000024105000 JavaThread "pool-3-thread-1" [_thread_blocked, id=14992, stack(0x000000002a790000,0x000000002a890000)]
  0x0000000019220000 JavaThread "Memory manager" [_thread_blocked, id=8004, stack(0x0000000023920000,0x0000000023a20000)]
  0x0000000019b4d800 JavaThread "Cache worker for file content cache (C:\Users\PC NOOB\.gradle\caches\6.9\fileContent)" [_thread_blocked, id=11180, stack(0x000000001c220000,0x000000001c320000)]
  0x0000000019b50800 JavaThread "Cache worker for execution history cache (C:\Users\PC NOOB\.gradle\caches\6.9\executionHistory)" [_thread_blocked, id=9708, stack(0x000000001ba20000,0x000000001bb20000)]
  0x0000000019b51800 JavaThread "Cache worker for journal cache (C:\Users\PC NOOB\.gradle\caches\journal-1)" [_thread_blocked, id=11916, stack(0x000000001af20000,0x000000001b020000)]
  0x0000000016678000 JavaThread "File lock request listener" [_thread_in_native, id=5392, stack(0x000000001ae20000,0x000000001af20000)]
  0x0000000016676800 JavaThread "Cache worker for file hash cache (C:\Users\PC NOOB\.gradle\caches\6.9\fileHashes)" [_thread_blocked, id=16208, stack(0x000000001ad20000,0x000000001ae20000)]
  0x0000000016679000 JavaThread "Daemon periodic checks" [_thread_blocked, id=6244, stack(0x0000000018180000,0x0000000018280000)]
  0x00000000171f2800 JavaThread "Incoming local TCP Connector on port 59076" [_thread_in_native, id=14852, stack(0x0000000017f40000,0x0000000018040000)]
  0x000000001665a800 JavaThread "Daemon health stats" [_thread_blocked, id=14792, stack(0x0000000017b00000,0x0000000017c00000)]
  0x00000000144ed800 JavaThread "Service Thread" daemon [_thread_blocked, id=17488, stack(0x00000000158f0000,0x00000000159f0000)]
  0x000000001449f000 JavaThread "C1 CompilerThread1" daemon [_thread_blocked, id=18652, stack(0x00000000157f0000,0x00000000158f0000)]
=>0x000000001449c000 JavaThread "C2 CompilerThread0" daemon [_thread_in_native, id=7508, stack(0x00000000156f0000,0x00000000157f0000)]
  0x0000000014495000 JavaThread "Attach Listener" daemon [_thread_blocked, id=12824, stack(0x00000000155f0000,0x00000000156f0000)]
  0x000000001449b000 JavaThread "Signal Dispatcher" daemon [_thread_blocked, id=6500, stack(0x00000000154f0000,0x00000000155f0000)]
  0x0000000003354000 JavaThread "Finalizer" daemon [_thread_blocked, id=6232, stack(0x00000000150d0000,0x00000000151d0000)]
  0x0000000014478000 JavaThread "Reference Handler" daemon [_thread_blocked, id=13928, stack(0x0000000014fd0000,0x00000000150d0000)]
  0x0000000003263800 JavaThread "main" [_thread_blocked, id=11332, stack(0x0000000002f90000,0x0000000003090000)]

Other Threads:
  0x0000000014456800 VMThread [stack: 0x0000000014ed0000,0x0000000014fd0000] [id=8712]
  0x00000000144f0800 WatcherThread [stack: 0x00000000159f0000,0x0000000015af0000] [id=3148]

VM state:not at safepoint (normal execution)

VM Mutex/Monitor currently owned by a thread: None

heap address: 0x00000000e0000000, size: 512 MB, Compressed Oops mode: 32-bit
Narrow klass base: 0x0000000000000000, Narrow klass shift: 3
Compressed class space size: 1073741824 Address: 0x0000000100000000

Heap:
 PSYoungGen      total 136192K, used 64061K [0x00000000f5580000, 0x0000000100000000, 0x0000000100000000)
  eden space 103936K, 40% used [0x00000000f5580000,0x00000000f7f070f0,0x00000000fbb00000)
  from space 32256K, 66% used [0x00000000fbb00000,0x00000000fd0085a0,0x00000000fda80000)
  to   space 33280K, 0% used [0x00000000fdf80000,0x00000000fdf80000,0x0000000100000000)
 ParOldGen       total 349696K, used 257856K [0x00000000e0000000, 0x00000000f5580000, 0x00000000f5580000)
  object space 349696K, 73% used [0x00000000e0000000,0x00000000efbd0270,0x00000000f5580000)
 Metaspace       used 130334K, capacity 139545K, committed 139648K, reserved 1169408K
  class space    used 16926K, capacity 18797K, committed 18816K, reserved 1048576K

Card table byte_map: [0x0000000012720000,0x0000000012830000] byte_map_base: 0x0000000012020000

Marking Bits: (ParMarkBitMap*) 0x000000006718be30
 Begin Bits: [0x0000000012a30000, 0x0000000013230000)
 End Bits:   [0x0000000013230000, 0x0000000013a30000)

Polling page: 0x0000000000e20000

CodeCache: size=245760Kb used=84053Kb max_used=84053Kb free=161706Kb
 bounds [0x0000000003360000, 0x00000000085e0000, 0x0000000012360000]
 total_blobs=23670 nmethods=22714 adapters=866
 compilation: enabled

Compilation events (10 events):
Event: 3540.396 Thread 0x000000001449f000 nmethod 28043 0x00000000085c7690 code [0x00000000085c7a40, 0x00000000085c9968]
Event: 3540.404 Thread 0x000000001449f000 28044       1       com.android.tools.r8.v.b.S0::V1 (4 bytes)
Event: 3540.404 Thread 0x000000001449f000 nmethod 28044 0x00000000085cb150 code [0x00000000085cb2a0, 0x00000000085cb3b0]
Event: 3540.405 Thread 0x000000001449f000 28045       3       com.android.tools.r8.w.a.a.a.f.X::remove (97 bytes)
Event: 3540.406 Thread 0x000000001449f000 nmethod 28045 0x00000000085cb410 code [0x00000000085cb5c0, 0x00000000085cba68]
Event: 3540.410 Thread 0x000000001449f000 28046       3       com.android.tools.r8.r.o.w::a (20 bytes)
Event: 3540.411 Thread 0x000000001449f000 nmethod 28046 0x00000000085cbc90 code [0x00000000085cbe20, 0x00000000085cc158]
Event: 3540.412 Thread 0x000000001449f000 28047       3       com.android.tools.r8.ir.regalloc.b::i (37 bytes)
Event: 3540.412 Thread 0x000000001449f000 nmethod 28047 0x00000000085cc310 code [0x00000000085cc460, 0x00000000085cc5d0]
Event: 3540.413 Thread 0x000000001449f000 28048       3       com.android.tools.r8.ir.regalloc.j::a (528 bytes)

GC Heap History (10 events):
Event: 3397.282 GC heap before
{Heap before GC invocations=43 (full 4):
 PSYoungGen      total 135168K, used 124351K [0x00000000f5580000, 0x0000000100000000, 0x0000000100000000)
  eden space 99840K, 100% used [0x00000000f5580000,0x00000000fb700000,0x00000000fb700000)
  from space 35328K, 69% used [0x00000000fdc00000,0x00000000ff3eff18,0x00000000ffe80000)
  to   space 37376K, 0% used [0x00000000fb700000,0x00000000fb700000,0x00000000fdb80000)
 ParOldGen       total 349696K, used 249604K [0x00000000e0000000, 0x00000000f5580000, 0x00000000f5580000)
  object space 349696K, 71% used [0x00000000e0000000,0x00000000ef3c1170,0x00000000f5580000)
 Metaspace       used 119837K, capacity 128185K, committed 128256K, reserved 1161216K
  class space    used 15449K, capacity 17089K, committed 17152K, reserved 1048576K
Event: 3397.324 GC heap after
Heap after GC invocations=43 (full 4):
 PSYoungGen      total 137216K, used 2588K [0x00000000f5580000, 0x0000000100000000, 0x0000000100000000)
  eden space 99840K, 0% used [0x00000000f5580000,0x00000000f5580000,0x00000000fb700000)
  from space 37376K, 6% used [0x00000000fb700000,0x00000000fb9870f0,0x00000000fdb80000)
  to   space 36864K, 0% used [0x00000000fdc00000,0x00000000fdc00000,0x0000000100000000)
 ParOldGen       total 349696K, used 256330K [0x00000000e0000000, 0x00000000f5580000, 0x00000000f5580000)
  object space 349696K, 73% used [0x00000000e0000000,0x00000000efa52a58,0x00000000f5580000)
 Metaspace       used 119837K, capacity 128185K, committed 128256K, reserved 1161216K
  class space    used 15449K, capacity 17089K, committed 17152K, reserved 1048576K
}
Event: 3450.233 GC heap before
{Heap before GC invocations=44 (full 4):
 PSYoungGen      total 137216K, used 102428K [0x00000000f5580000, 0x0000000100000000, 0x0000000100000000)
  eden space 99840K, 100% used [0x00000000f5580000,0x00000000fb700000,0x00000000fb700000)
  from space 37376K, 6% used [0x00000000fb700000,0x00000000fb9870f0,0x00000000fdb80000)
  to   space 36864K, 0% used [0x00000000fdc00000,0x00000000fdc00000,0x0000000100000000)
 ParOldGen       total 349696K, used 256330K [0x00000000e0000000, 0x00000000f5580000, 0x00000000f5580000)
  object space 349696K, 73% used [0x00000000e0000000,0x00000000efa52a58,0x00000000f5580000)
 Metaspace       used 120172K, capacity 128523K, committed 128768K, reserved 1161216K
  class space    used 15493K, capacity 17140K, committed 17152K, reserved 1048576K
Event: 3450.308 GC heap after
Heap after GC invocations=44 (full 4):
 PSYoungGen      total 135680K, used 17403K [0x00000000f5580000, 0x00000000ffe80000, 0x0000000100000000)
  eden space 100352K, 0% used [0x00000000f5580000,0x00000000f5580000,0x00000000fb780000)
  from space 35328K, 49% used [0x00000000fdc00000,0x00000000fecfed80,0x00000000ffe80000)
  to   space 36352K, 0% used [0x00000000fb780000,0x00000000fb780000,0x00000000fdb00000)
 ParOldGen       total 349696K, used 257848K [0x00000000e0000000, 0x00000000f5580000, 0x00000000f5580000)
  object space 349696K, 73% used [0x00000000e0000000,0x00000000efbce270,0x00000000f5580000)
 Metaspace       used 120172K, capacity 128523K, committed 128768K, reserved 1161216K
  class space    used 15493K, capacity 17140K, committed 17152K, reserved 1048576K
}
Event: 3529.377 GC heap before
{Heap before GC invocations=45 (full 4):
 PSYoungGen      total 135680K, used 117755K [0x00000000f5580000, 0x00000000ffe80000, 0x0000000100000000)
  eden space 100352K, 100% used [0x00000000f5580000,0x00000000fb780000,0x00000000fb780000)
  from space 35328K, 49% used [0x00000000fdc00000,0x00000000fecfed80,0x00000000ffe80000)
  to   space 36352K, 0% used [0x00000000fb780000,0x00000000fb780000,0x00000000fdb00000)
 ParOldGen       total 349696K, used 257848K [0x00000000e0000000, 0x00000000f5580000, 0x00000000f5580000)
  object space 349696K, 73% used [0x00000000e0000000,0x00000000efbce270,0x00000000f5580000)
 Metaspace       used 121182K, capacity 129593K, committed 129792K, reserved 1161216K
  class space    used 15644K, capacity 17325K, committed 17408K, reserved 1048576K
Event: 3529.434 GC heap after
Heap after GC invocations=45 (full 4):
 PSYoungGen      total 136704K, used 14362K [0x00000000f5580000, 0x00000000ffd00000, 0x0000000100000000)
  eden space 100352K, 0% used [0x00000000f5580000,0x00000000f5580000,0x00000000fb780000)
  from space 36352K, 39% used [0x00000000fb780000,0x00000000fc5869b8,0x00000000fdb00000)
  to   space 34304K, 0% used [0x00000000fdb80000,0x00000000fdb80000,0x00000000ffd00000)
 ParOldGen       total 349696K, used 257856K [0x00000000e0000000, 0x00000000f5580000, 0x00000000f5580000)
  object space 349696K, 73% used [0x00000000e0000000,0x00000000efbd0270,0x00000000f5580000)
 Metaspace       used 121182K, capacity 129593K, committed 129792K, reserved 1161216K
  class space    used 15644K, capacity 17325K, committed 17408K, reserved 1048576K
}
Event: 3533.556 GC heap before
{Heap before GC invocations=46 (full 4):
 PSYoungGen      total 136704K, used 114714K [0x00000000f5580000, 0x00000000ffd00000, 0x0000000100000000)
  eden space 100352K, 100% used [0x00000000f5580000,0x00000000fb780000,0x00000000fb780000)
  from space 36352K, 39% used [0x00000000fb780000,0x00000000fc5869b8,0x00000000fdb00000)
  to   space 34304K, 0% used [0x00000000fdb80000,0x00000000fdb80000,0x00000000ffd00000)
 ParOldGen       total 349696K, used 257856K [0x00000000e0000000, 0x00000000f5580000, 0x00000000f5580000)
  object space 349696K, 73% used [0x00000000e0000000,0x00000000efbd0270,0x00000000f5580000)
 Metaspace       used 121443K, capacity 129937K, committed 130048K, reserved 1161216K
  class space    used 15663K, capacity 17391K, committed 17408K, reserved 1048576K
Event: 3533.635 GC heap after
Heap after GC invocations=46 (full 4):
 PSYoungGen      total 135168K, used 12313K [0x00000000f5580000, 0x00000000ffa00000, 0x0000000100000000)
  eden space 103936K, 0% used [0x00000000f5580000,0x00000000f5580000,0x00000000fbb00000)
  from space 31232K, 39% used [0x00000000fdb80000,0x00000000fe7866d8,0x00000000ffa00000)
  to   space 32256K, 0% used [0x00000000fbb00000,0x00000000fbb00000,0x00000000fda80000)
 ParOldGen       total 349696K, used 257856K [0x00000000e0000000, 0x00000000f5580000, 0x00000000f5580000)
  object space 349696K, 73% used [0x00000000e0000000,0x00000000efbd0270,0x00000000f5580000)
 Metaspace       used 121443K, capacity 129937K, committed 130048K, reserved 1161216K
  class space    used 15663K, capacity 17391K, committed 17408K, reserved 1048576K
}
Event: 3538.368 GC heap before
{Heap before GC invocations=47 (full 4):
 PSYoungGen      total 135168K, used 116249K [0x00000000f5580000, 0x00000000ffa00000, 0x0000000100000000)
  eden space 103936K, 100% used [0x00000000f5580000,0x00000000fbb00000,0x00000000fbb00000)
  from space 31232K, 39% used [0x00000000fdb80000,0x00000000fe7866d8,0x00000000ffa00000)
  to   space 32256K, 0% used [0x00000000fbb00000,0x00000000fbb00000,0x00000000fda80000)
 ParOldGen       total 349696K, used 257856K [0x00000000e0000000, 0x00000000f5580000, 0x00000000f5580000)
  object space 349696K, 73% used [0x00000000e0000000,0x00000000efbd0270,0x00000000f5580000)
 Metaspace       used 129645K, capacity 138841K, committed 138880K, reserved 1169408K
  class space    used 16902K, capacity 18789K, committed 18816K, reserved 1048576K
Event: 3538.440 GC heap after
Heap after GC invocations=47 (full 4):
 PSYoungGen      total 136192K, used 21537K [0x00000000f5580000, 0x0000000100000000, 0x0000000100000000)
  eden space 103936K, 0% used [0x00000000f5580000,0x00000000f5580000,0x00000000fbb00000)
  from space 32256K, 66% used [0x00000000fbb00000,0x00000000fd0085a0,0x00000000fda80000)
  to   space 33280K, 0% used [0x00000000fdf80000,0x00000000fdf80000,0x0000000100000000)
 ParOldGen       total 349696K, used 257856K [0x00000000e0000000, 0x00000000f5580000, 0x00000000f5580000)
  object space 349696K, 73% used [0x00000000e0000000,0x00000000efbd0270,0x00000000f5580000)
 Metaspace       used 129645K, capacity 138841K, committed 138880K, reserved 1169408K
  class space    used 16902K, capacity 18789K, committed 18816K, reserved 1048576K
}

Deoptimization events (10 events):
Event: 3537.774 Thread 0x0000000019221800 Uncommon trap: reason=unstable_if action=reinterpret pc=0x0000000006b78014 method=com.google.common.base.Objects.equal(Ljava/lang/Object;Ljava/lang/Object;)Z @ 6
Event: 3537.774 Thread 0x0000000019221800 Uncommon trap: reason=class_check action=maybe_recompile pc=0x0000000005032538 method=com.google.common.base.Joiner.toString(Ljava/lang/Object;)Ljava/lang/CharSequence; @ 6
Event: 3538.125 Thread 0x0000000019221800 Uncommon trap: reason=unstable_if action=reinterpret pc=0x0000000004136d54 method=com.google.common.base.Objects.equal(Ljava/lang/Object;Ljava/lang/Object;)Z @ 6
Event: 3538.125 Thread 0x0000000019221800 Uncommon trap: reason=class_check action=maybe_recompile pc=0x0000000005032538 method=com.google.common.base.Joiner.toString(Ljava/lang/Object;)Ljava/lang/CharSequence; @ 6
Event: 3538.315 Thread 0x0000000019221800 Uncommon trap: reason=unstable_if action=reinterpret pc=0x000000000825c16c method=com.android.tools.r8.ir.conversion.m.a(ILjava/util/List;Lcom/android/tools/r8/w/a/a/a/h/W0;)Lcom/android/tools/r8/ir/conversion/m; @ 152
Event: 3538.690 Thread 0x0000000019221800 Uncommon trap: reason=class_check action=maybe_recompile pc=0x0000000005032538 method=com.google.common.base.Joiner.toString(Ljava/lang/Object;)Ljava/lang/CharSequence; @ 6
Event: 3539.728 Thread 0x0000000019221800 Uncommon trap: reason=unstable_if action=reinterpret pc=0x0000000008191540 method=com.android.tools.r8.w.a.a.a.f.X.a(ILjava/lang/Object;)Ljava/lang/Object; @ 8
Event: 3540.015 Thread 0x0000000029f1f800 Uncommon trap: reason=unstable_if action=reinterpret pc=0x00000000081d2ca8 method=com.android.tools.r8.ir.regalloc.b.g(I)Lcom/android/tools/r8/ir/regalloc/b; @ 48
Event: 3540.115 Thread 0x0000000019221800 Uncommon trap: reason=unstable_if action=reinterpret pc=0x0000000003dc9c84 method=java.util.HashMap.getNode(ILjava/lang/Object;)Ljava/util/HashMap$Node; @ 84
Event: 3540.242 Thread 0x0000000019221800 Uncommon trap: reason=unstable_if action=reinterpret pc=0x00000000066e5414 method=com.android.tools.r8.graph.q0.a([C)I @ 29

Classes redefined (0 events):
No events

Internal exceptions (10 events):
Event: 3533.879 Thread 0x0000000029f27000 Exception <a 'sun/nio/fs/WindowsException'> (0x00000000f58fa998) thrown at [C:\ade\jenkins\workspace\8-2-build-windows-amd64-cygwin\jdk8u241\331\hotspot\src\share\vm\prims\jni.cpp, line 710]
Event: 3533.935 Thread 0x0000000019221800 Exception <a 'sun/nio/fs/WindowsException'> (0x00000000f57343b8) thrown at [C:\ade\jenkins\workspace\8-2-build-windows-amd64-cygwin\jdk8u241\331\hotspot\src\share\vm\prims\jni.cpp, line 710]
Event: 3534.453 Thread 0x0000000019221800 Exception <a 'java/lang/NoSuchMethodError': java.lang.Object.lambda$static$0(Ljava/lang/String;)Z> (0x00000000f6e075f0) thrown at [C:\ade\jenkins\workspace\8-2-build-windows-amd64-cygwin\jdk8u241\331\hotspot\src\share\vm\interpreter\linkResolver.cpp, line
Event: 3534.626 Thread 0x0000000029f1f800 Exception <a 'sun/nio/fs/WindowsException'> (0x00000000f74d5070) thrown at [C:\ade\jenkins\workspace\8-2-build-windows-amd64-cygwin\jdk8u241\331\hotspot\src\share\vm\prims\jni.cpp, line 710]
Event: 3534.682 Thread 0x0000000019221800 Exception <a 'sun/nio/fs/WindowsException'> (0x00000000f76c22a0) thrown at [C:\ade\jenkins\workspace\8-2-build-windows-amd64-cygwin\jdk8u241\331\hotspot\src\share\vm\prims\jni.cpp, line 710]
Event: 3535.882 Thread 0x0000000029f1f800 Exception <a 'java/lang/IncompatibleClassChangeError': Found class java.lang.Object, but interface was expected> (0x00000000f8e22b18) thrown at [C:\ade\jenkins\workspace\8-2-build-windows-amd64-cygwin\jdk8u241\331\hotspot\src\share\vm\interpreter\linkReso
Event: 3535.882 Thread 0x0000000019221800 Exception <a 'java/lang/IncompatibleClassChangeError': Found class java.lang.Object, but interface was expected> (0x00000000f8ee5540) thrown at [C:\ade\jenkins\workspace\8-2-build-windows-amd64-cygwin\jdk8u241\331\hotspot\src\share\vm\interpreter\linkReso
Event: 3536.870 Thread 0x0000000019221800 Implicit null exception at 0x0000000006b2e286 to 0x0000000006b2e471
Event: 3536.905 Thread 0x0000000029f1f800 Exception <a 'java/lang/NoSuchMethodError': java.lang.Object.b(Lcom/android/tools/r8/graph/Q1$b;)Lcom/android/tools/r8/graph/Q1$b;> (0x00000000fa214c60) thrown at [C:\ade\jenkins\workspace\8-2-build-windows-amd64-cygwin\jdk8u241\331\hotspot\src\share\vm\i
Event: 3537.774 Thread 0x0000000019221800 Implicit null exception at 0x0000000006b77f11 to 0x0000000006b78005

Events (10 events):
Event: 3540.015 Thread 0x0000000029f1f800 DEOPT PACKING pc=0x00000000081d2ca8 sp=0x000000002d0a9120
Event: 3540.015 Thread 0x0000000029f1f800 DEOPT UNPACKING pc=0x00000000033a583b sp=0x000000002d0a90c8 mode 2
Event: 3540.115 Thread 0x0000000019221800 Uncommon trap: trap_request=0xffffff65 fr.pc=0x0000000003dc9c84
Event: 3540.115 Thread 0x0000000019221800 DEOPT PACKING pc=0x0000000003dc9c84 sp=0x0000000018676760
Event: 3540.115 Thread 0x0000000019221800 DEOPT UNPACKING pc=0x00000000033a583b sp=0x0000000018676678 mode 2
Event: 3540.115 Executing VM operation: ForceSafepoint
Event: 3540.195 Executing VM operation: ForceSafepoint done
Event: 3540.242 Thread 0x0000000019221800 Uncommon trap: trap_request=0xffffff65 fr.pc=0x00000000066e5414
Event: 3540.242 Thread 0x0000000019221800 DEOPT PACKING pc=0x00000000066e5414 sp=0x0000000018676a50
Event: 3540.242 Thread 0x0000000019221800 DEOPT UNPACKING pc=0x00000000033a583b sp=0x00000000186769e8 mode 2


Dynamic libraries:
0x00007ff754830000 - 0x00007ff754867000 	C:\Program Files\Java\jdk1.8.0_241\bin\java.exe
0x00007ffc5b0f0000 - 0x00007ffc5b2e8000 	C:\WINDOWS\SYSTEM32\ntdll.dll
0x00007ffc596c0000 - 0x00007ffc5977d000 	C:\WINDOWS\System32\KERNEL32.DLL
0x00007ffc58c90000 - 0x00007ffc58f5e000 	C:\WINDOWS\System32\KERNELBASE.dll
0x00007ffc5b000000 - 0x00007ffc5b0ae000 	C:\WINDOWS\System32\ADVAPI32.dll
0x00007ffc59a00000 - 0x00007ffc59a9e000 	C:\WINDOWS\System32\msvcrt.dll
0x00007ffc5adb0000 - 0x00007ffc5ae4c000 	C:\WINDOWS\System32\sechost.dll
0x00007ffc598d0000 - 0x00007ffc599f5000 	C:\WINDOWS\System32\RPCRT4.dll
0x00007ffc59370000 - 0x00007ffc59510000 	C:\WINDOWS\System32\USER32.dll
0x00007ffc58c30000 - 0x00007ffc58c52000 	C:\WINDOWS\System32\win32u.dll
0x00007ffc59830000 - 0x00007ffc5985a000 	C:\WINDOWS\System32\GDI32.dll
0x00007ffc588c0000 - 0x00007ffc589cb000 	C:\WINDOWS\System32\gdi32full.dll
0x00007ffc590b0000 - 0x00007ffc5914d000 	C:\WINDOWS\System32\msvcp_win.dll
0x00007ffc58b30000 - 0x00007ffc58c30000 	C:\WINDOWS\System32\ucrtbase.dll
0x00007ffc474e0000 - 0x00007ffc4777a000 	C:\WINDOWS\WinSxS\amd64_microsoft.windows.common-controls_6595b64144ccf1df_6.0.19041.1110_none_60b5254171f9507e\COMCTL32.dll
0x00007ffc5ae50000 - 0x00007ffc5ae80000 	C:\WINDOWS\System32\IMM32.DLL
0x0000000067b10000 - 0x0000000067be2000 	C:\Program Files\Java\jdk1.8.0_241\jre\bin\msvcr100.dll
0x0000000066960000 - 0x000000006720c000 	C:\Program Files\Java\jdk1.8.0_241\jre\bin\server\jvm.dll
0x00007ffc5ad40000 - 0x00007ffc5ad48000 	C:\WINDOWS\System32\PSAPI.DLL
0x00007ffc51400000 - 0x00007ffc51409000 	C:\WINDOWS\SYSTEM32\WSOCK32.dll
0x00007ffc5a2d0000 - 0x00007ffc5a33b000 	C:\WINDOWS\System32\WS2_32.dll
0x00007ffc4c340000 - 0x00007ffc4c367000 	C:\WINDOWS\SYSTEM32\WINMM.dll
0x00007ffc4f710000 - 0x00007ffc4f71a000 	C:\WINDOWS\SYSTEM32\VERSION.dll
0x00007ffc4a2e0000 - 0x00007ffc4a2ef000 	C:\Program Files\Java\jdk1.8.0_241\jre\bin\verify.dll
0x00007ffc47c70000 - 0x00007ffc47c99000 	C:\Program Files\Java\jdk1.8.0_241\jre\bin\java.dll
0x00007ffc47b70000 - 0x00007ffc47b86000 	C:\Program Files\Java\jdk1.8.0_241\jre\bin\zip.dll
0x00007ffc59b80000 - 0x00007ffc5a2c3000 	C:\WINDOWS\System32\SHELL32.dll
0x00007ffc56900000 - 0x00007ffc57095000 	C:\WINDOWS\SYSTEM32\windows.storage.dll
0x00007ffc5a4e0000 - 0x00007ffc5a834000 	C:\WINDOWS\System32\combase.dll
0x00007ffc581a0000 - 0x00007ffc581d0000 	C:\WINDOWS\SYSTEM32\Wldp.dll
0x00007ffc5a430000 - 0x00007ffc5a4dd000 	C:\WINDOWS\System32\SHCORE.dll
0x00007ffc59870000 - 0x00007ffc598c5000 	C:\WINDOWS\System32\shlwapi.dll
0x00007ffc58750000 - 0x00007ffc5876f000 	C:\WINDOWS\SYSTEM32\profapi.dll
0x00007ffc47b50000 - 0x00007ffc47b6a000 	C:\Program Files\Java\jdk1.8.0_241\jre\bin\net.dll
0x00007ffc57f00000 - 0x00007ffc57f6a000 	C:\WINDOWS\system32\mswsock.dll
0x00007ffc41450000 - 0x00007ffc41462000 	C:\Program Files\Java\jdk1.8.0_241\jre\bin\nio.dll
0x00007ffc4d8d0000 - 0x00007ffc4d8f7000 	C:\Users\PC NOOB\.gradle\native\49d0259a56938c7f99b2704e745ce422c4f750a7a20b539a32ccef96729676b1\windows-amd64\native-platform.dll
0x00007ffc2e6b0000 - 0x00007ffc2e846000 	C:\Users\PC NOOB\.gradle\native\12488b8bf47d2d4c9fbf2f6322a914ad602e24e48041cd04a747c6da556b65c4\windows-amd64\native-platform-file-events.dll
0x00007ffc47c60000 - 0x00007ffc47c6d000 	C:\Program Files\Java\jdk1.8.0_241\jre\bin\management.dll
0x00007ffc58100000 - 0x00007ffc58118000 	C:\WINDOWS\SYSTEM32\CRYPTSP.dll
0x00007ffc57880000 - 0x00007ffc578b4000 	C:\WINDOWS\system32\rsaenh.dll
0x00007ffc58c60000 - 0x00007ffc58c87000 	C:\WINDOWS\System32\bcrypt.dll
0x00007ffc586d0000 - 0x00007ffc586fe000 	C:\WINDOWS\SYSTEM32\USERENV.dll
0x00007ffc58f60000 - 0x00007ffc58fe2000 	C:\WINDOWS\System32\bcryptprimitives.dll
0x00007ffc580f0000 - 0x00007ffc580fc000 	C:\WINDOWS\SYSTEM32\CRYPTBASE.dll
0x00007ffc57bf0000 - 0x00007ffc57c2b000 	C:\WINDOWS\SYSTEM32\IPHLPAPI.DLL
0x00007ffc59860000 - 0x00007ffc59868000 	C:\WINDOWS\System32\NSI.dll
0x00007ffc50450000 - 0x00007ffc50467000 	C:\WINDOWS\SYSTEM32\dhcpcsvc6.DLL
0x00007ffc509e0000 - 0x00007ffc509fd000 	C:\WINDOWS\SYSTEM32\dhcpcsvc.DLL
0x00007ffc57c40000 - 0x00007ffc57d0a000 	C:\WINDOWS\SYSTEM32\DNSAPI.dll
0x00007ffc4c330000 - 0x00007ffc4c33a000 	C:\Windows\System32\rasadhlp.dll
0x00007ffc49cb0000 - 0x00007ffc49d30000 	C:\WINDOWS\System32\fwpuclnt.dll
0x00007ffc57510000 - 0x00007ffc57543000 	C:\WINDOWS\SYSTEM32\ntmarta.dll
0x00007ffc4df30000 - 0x00007ffc4df4e000 	C:\Users\PC NOOB\AppData\Local\Temp\native-platform35227637863500915dir\native-platform.dll
0x00007ffc4d6a0000 - 0x00007ffc4d6be000 	C:\Users\PC NOOB\AppData\Local\Temp\native-platform1984020586902440637dir\native-platform.dll
0x00007ffc513e0000 - 0x00007ffc513fe000 	C:\Users\PC NOOB\AppData\Local\Temp\native-platform3841125744405653341dir\native-platform.dll

VM Arguments:
jvm_args: -XX:MaxMetaspaceSize=256m -XX:+HeapDumpOnOutOfMemoryError -Xms256m -Xmx512m -Dfile.encoding=UTF-8 -Duser.country=ID -Duser.language=id -Duser.variant 
java_command: org.gradle.launcher.daemon.bootstrap.GradleDaemon 6.9
java_class_path (initial): C:\Users\PC NOOB\.gradle\wrapper\dists\gradle-6.9-all\dooywd8nv05k16orzxge2b1bs\gradle-6.9\lib\gradle-launcher-6.9.jar
Launcher Type: SUN_STANDARD

Environment Variables:
JAVA_HOME=C:\Program Files\Java\jdk-18.0.1.1/
CLASSPATH=C:\Users\PC NOOB\Documents\android\Laundream-RN\android\\gradle\wrapper\gradle-wrapper.jar
PATH=C:\Users\PC NOOB\Documents\android\Laundream-RN\android\node_modules\.bin;C:\Users\PC NOOB\Documents\android\Laundream-RN\node_modules\.bin;C:\Users\PC NOOB\Documents\android\node_modules\.bin;C:\Users\PC NOOB\Documents\node_modules\.bin;C:\Users\PC NOOB\node_modules\.bin;C:\Users\node_modules\.bin;C:\node_modules\.bin;C:\Program Files\nodejs;C:\Users\PCNOOB~1\AppData\Local\Temp\yarn--1665765987176-0.5297898374937096;C:\Users\PC NOOB\Documents\android\Laundream-RN\node_modules\.bin;C:\Users\PC NOOB\AppData\Local\Yarn\Data\link\node_modules\.bin;C:\Users\PC NOOB\AppData\Local\Yarn\bin;C:\Program Files\libexec\lib\node_modules\npm\bin\node-gyp-bin;C:\Program Files\lib\node_modules\npm\bin\node-gyp-bin;C:\Program Files\nodejs\node_modules\npm\bin\node-gyp-bin;C:\Program Files\Git\mingw64\bin;C:\Program Files\Git\usr\bin;C:\Users\PC NOOB\bin;C:\Program Files\Common Files\Oracle\Java\javapath;C:\Program Files\Java\jdk-18.0.1.1\bin;C:\ProgramData\Oracle\Java\javapath;C:\Program Files (x86)\Common Files\Oracle\Java\javapath;C:\WINDOWS\system32;C:\WINDOWS;C:\WINDOWS\System32\Wbem;C:\WINDOWS\System32\WindowsPowerShell\v1.0;C:\WINDOWS\System32\OpenSSH;C:\Program Files\nodejs;C:\xampp\php;C:\ProgramData\ComposerSetup\bin;C:\Users\PC NOOB\AppData\Local\Programs\Python\Python39;C:\Users\PC NOOB\anaconda3\Scripts;C:\Users\PC NOOB\Documents\platform-tools;D:\Android\platform-tools;C:\Program Files (x86)\Nox\bin;C:\Program Files\Git\cmd;C:\Users\PC NOOB\AppData\Roaming\npm;C:\Program Files\Java\jdk-18.0.1.1\bin;C:\Users\PC NOOB\AppData\Local\Programs\Microsoft VS Code\bin
USERNAME=PC NOOB
OS=Windows_NT
PROCESSOR_IDENTIFIER=AMD64 Family 21 Model 112 Stepping 0, AuthenticAMD



---------------  S Y S T E M  ---------------

OS: Windows 10.0 , 64 bit Build 19041 (10.0.19041.1889)

CPU:total 2 (initial active 2) (2 cores per cpu, 1 threads per core) family 21 model 112 stepping 0, cmov, cx8, fxsr, mmx, sse, sse2, sse3, ssse3, sse4.1, sse4.2, popcnt, avx, avx2, aes, clmul, mmxext, 3dnowpref, lzcnt, sse4a, tsc, tscinvbit, tscinv, bmi1

Memory: 4k page, physical 12005784k(3403032k free), swap 13431192k(3220k free)

vm_info: Java HotSpot(TM) 64-Bit Server VM (25.241-b07) for windows-amd64 JRE (1.8.0_241-b07), built on Dec 11 2019 10:21:40 by "rejava" with MS VC++ 10.0 (VS2010)

time: Fri Oct 14 23:54:14 2022
timezone: SE Asia Standard Time
elapsed time: 3540 seconds (0d 0h 59m 0s)

